2025-11-13 11:44:43 [INFO] Starting task: Identification_de_paraphrases with model: camembert_camembert-base-wikipedia-4gb
2025-11-13 11:44:43 [INFO] Running training with 2 seed(s): [1, 1234]
2025-11-13 11:44:43 [INFO] 
================================================================================
2025-11-13 11:44:43 [INFO] SEED 1/2: 1
2025-11-13 11:44:43 [INFO] ================================================================================

2025-11-13 11:44:43 [INFO] Using HuggingFace authentication token
2025-11-13 11:44:46 [INFO] 
Training with learning rate 1e-05...
2025-11-13 11:44:51 [INFO] Epoch 1/30
2025-11-13 12:11:07 [INFO] Train Loss: 0.6880 | Train F1: 0.3582
2025-11-13 12:11:07 [INFO] Val Loss: 0.6868 | Val Acc: 0.5683 | Val F1: 0.3624
2025-11-13 12:11:07 [INFO] Epoch 2/30
2025-11-13 12:37:29 [INFO] Train Loss: 0.6875 | Train F1: 0.3582
2025-11-13 12:37:29 [INFO] Val Loss: 0.6838 | Val Acc: 0.5683 | Val F1: 0.3624
2025-11-13 12:37:29 [INFO] Epoch 3/30
2025-11-13 13:03:48 [INFO] Train Loss: 0.6872 | Train F1: 0.3582
2025-11-13 13:03:48 [INFO] Val Loss: 0.6848 | Val Acc: 0.5683 | Val F1: 0.3624
2025-11-13 13:03:48 [INFO] Epoch 4/30
2025-11-13 13:30:06 [INFO] Train Loss: 0.6869 | Train F1: 0.3644
2025-11-13 13:30:06 [INFO] Val Loss: 0.6839 | Val Acc: 0.5683 | Val F1: 0.3624
2025-11-13 13:30:06 [INFO] Epoch 5/30
2025-11-13 13:56:25 [INFO] Train Loss: 0.6868 | Train F1: 0.3644
2025-11-13 13:56:25 [INFO] Val Loss: 0.6836 | Val Acc: 0.5683 | Val F1: 0.3624
2025-11-13 13:56:25 [INFO] Epoch 6/30
2025-11-13 14:22:44 [INFO] Train Loss: 0.6869 | Train F1: 0.3644
2025-11-13 14:22:44 [INFO] Val Loss: 0.6837 | Val Acc: 0.5683 | Val F1: 0.3624
2025-11-13 14:22:44 [INFO] Epoch 7/30
2025-11-13 14:49:08 [INFO] Train Loss: 0.6870 | Train F1: 0.3582
2025-11-13 14:49:08 [INFO] Val Loss: 0.6852 | Val Acc: 0.5683 | Val F1: 0.3624
2025-11-13 14:49:08 [INFO] Epoch 8/30
2025-11-13 15:15:27 [INFO] Train Loss: 0.6870 | Train F1: 0.3582
2025-11-13 15:15:27 [INFO] Val Loss: 0.6838 | Val Acc: 0.5683 | Val F1: 0.3624
2025-11-13 15:15:27 [INFO] Epoch 9/30
2025-11-13 15:41:47 [INFO] Train Loss: 0.6867 | Train F1: 0.3644
2025-11-13 15:41:47 [INFO] Val Loss: 0.6836 | Val Acc: 0.5683 | Val F1: 0.3624
2025-11-13 15:41:47 [INFO] Epoch 10/30
2025-11-13 16:08:05 [INFO] Train Loss: 0.6866 | Train F1: 0.3582
2025-11-13 16:08:05 [INFO] Val Loss: 0.6850 | Val Acc: 0.5683 | Val F1: 0.3624
2025-11-13 16:08:05 [INFO] Epoch 11/30
2025-11-13 16:34:24 [INFO] Train Loss: 0.6867 | Train F1: 0.3644
2025-11-13 16:34:24 [INFO] Val Loss: 0.6836 | Val Acc: 0.5683 | Val F1: 0.3624
2025-11-13 16:34:24 [INFO] Epoch 12/30
2025-11-13 17:00:46 [INFO] Train Loss: 0.6866 | Train F1: 0.3582
2025-11-13 17:00:46 [INFO] Val Loss: 0.6875 | Val Acc: 0.5683 | Val F1: 0.3624
2025-11-13 17:00:46 [INFO] Epoch 13/30
2025-11-13 17:27:07 [INFO] Train Loss: 0.6867 | Train F1: 0.3582
2025-11-13 17:27:07 [INFO] Val Loss: 0.6836 | Val Acc: 0.5683 | Val F1: 0.3624
2025-11-13 17:27:07 [INFO] Epoch 14/30
2025-11-13 17:53:27 [INFO] Train Loss: 0.6867 | Train F1: 0.3582
2025-11-13 17:53:27 [INFO] Val Loss: 0.6839 | Val Acc: 0.5683 | Val F1: 0.3624
2025-11-13 17:53:27 [INFO] Epoch 15/30
2025-11-13 18:19:48 [INFO] Train Loss: 0.6869 | Train F1: 0.3582
2025-11-13 18:19:48 [INFO] Val Loss: 0.6845 | Val Acc: 0.5683 | Val F1: 0.3624
2025-11-13 18:19:48 [INFO] Epoch 16/30
2025-11-13 18:46:09 [INFO] Train Loss: 0.6866 | Train F1: 0.3582
2025-11-13 18:46:09 [INFO] Val Loss: 0.6837 | Val Acc: 0.5683 | Val F1: 0.3624
2025-11-13 18:46:09 [INFO] Epoch 17/30
2025-11-13 19:12:29 [INFO] Train Loss: 0.6867 | Train F1: 0.3582
2025-11-13 19:12:29 [INFO] Val Loss: 0.6837 | Val Acc: 0.5683 | Val F1: 0.3624
2025-11-13 19:12:29 [INFO] Epoch 18/30
2025-11-13 19:38:48 [INFO] Train Loss: 0.6867 | Train F1: 0.3582
2025-11-13 19:38:48 [INFO] Val Loss: 0.6840 | Val Acc: 0.5683 | Val F1: 0.3624
2025-11-13 19:38:48 [INFO] Epoch 19/30
2025-11-13 20:05:07 [INFO] Train Loss: 0.6868 | Train F1: 0.3582
2025-11-13 20:05:07 [INFO] Val Loss: 0.6845 | Val Acc: 0.5683 | Val F1: 0.3624
2025-11-13 20:05:07 [INFO] Epoch 20/30
2025-11-13 20:31:28 [INFO] Train Loss: 0.6867 | Train F1: 0.3582
2025-11-13 20:31:28 [INFO] Val Loss: 0.6841 | Val Acc: 0.5683 | Val F1: 0.3624
2025-11-13 20:31:28 [INFO] Epoch 21/30
2025-11-13 20:57:48 [INFO] Train Loss: 0.6866 | Train F1: 0.3644
2025-11-13 20:57:48 [INFO] Val Loss: 0.6837 | Val Acc: 0.5683 | Val F1: 0.3624
2025-11-13 20:57:48 [INFO] Epoch 22/30
2025-11-13 21:24:09 [INFO] Train Loss: 0.6865 | Train F1: 0.3644
2025-11-13 21:24:09 [INFO] Val Loss: 0.6838 | Val Acc: 0.5683 | Val F1: 0.3624
2025-11-13 21:24:09 [INFO] Epoch 23/30
2025-11-13 21:50:27 [INFO] Train Loss: 0.6865 | Train F1: 0.3582
2025-11-13 21:50:27 [INFO] Val Loss: 0.6837 | Val Acc: 0.5683 | Val F1: 0.3624
2025-11-13 21:50:27 [INFO] Epoch 24/30
2025-11-13 22:16:47 [INFO] Train Loss: 0.6865 | Train F1: 0.3582
2025-11-13 22:16:47 [INFO] Val Loss: 0.6824 | Val Acc: 0.5683 | Val F1: 0.3624
2025-11-13 22:16:47 [INFO] Epoch 25/30
2025-11-13 22:43:06 [INFO] Train Loss: 0.6860 | Train F1: 0.4038
2025-11-13 22:43:06 [INFO] Val Loss: 0.6819 | Val Acc: 0.5723 | Val F1: 0.4007
2025-11-13 22:43:06 [INFO] Epoch 26/30
2025-11-13 23:09:27 [INFO] Train Loss: 0.6795 | Train F1: 0.4734
2025-11-13 23:09:27 [INFO] Val Loss: 0.6807 | Val Acc: 0.5758 | Val F1: 0.4370
2025-11-13 23:09:27 [INFO] Epoch 27/30
2025-11-13 23:35:48 [INFO] Train Loss: 0.6739 | Train F1: 0.5157
2025-11-13 23:35:48 [INFO] Val Loss: 0.6795 | Val Acc: 0.5778 | Val F1: 0.4763
2025-11-13 23:35:48 [INFO] Epoch 28/30
2025-11-14 00:02:11 [INFO] Train Loss: 0.6693 | Train F1: 0.4935
2025-11-14 00:02:11 [INFO] Val Loss: 0.6827 | Val Acc: 0.5768 | Val F1: 0.4376
2025-11-14 00:02:11 [INFO] Epoch 29/30
2025-11-14 00:28:32 [INFO] Train Loss: 0.6664 | Train F1: 0.4930
2025-11-14 00:28:32 [INFO] Val Loss: 0.6843 | Val Acc: 0.5773 | Val F1: 0.4379
2025-11-14 00:28:32 [INFO] Epoch 30/30
2025-11-14 00:54:52 [INFO] Train Loss: 0.6631 | Train F1: 0.5024
2025-11-14 00:54:52 [INFO] Val Loss: 0.6848 | Val Acc: 0.5748 | Val F1: 0.4379
2025-11-14 00:54:52 [INFO] Best validation accuracy so far: 0.5778
2025-11-14 00:54:52 [INFO] 
Loading best model (LR=1e-05) for final test evaluation...
2025-11-14 00:55:08 [INFO] Test Accuracy: 0.5584
2025-11-14 00:55:08 [INFO] Test F1 (macro): 0.4320
2025-11-14 00:55:08 [INFO] Test Precision (macro): 0.5725
2025-11-14 00:55:08 [INFO] Test Recall (macro): 0.5199
2025-11-14 00:55:08 [INFO] Test Accuracy on PAWS-X French: 0.5584
2025-11-14 00:55:08 [INFO] Test F1 (macro) on PAWS-X French: 0.4320
2025-11-14 00:55:08 [INFO] Test Precision (macro) on PAWS-X French: 0.5725
2025-11-14 00:55:08 [INFO] Test Recall (macro) on PAWS-X French: 0.5199
2025-11-14 00:55:08 [INFO] 
================================================================================
2025-11-14 00:55:08 [INFO] SEED 2/2: 1234
2025-11-14 00:55:08 [INFO] ================================================================================

2025-11-14 00:55:08 [INFO] Using HuggingFace authentication token
2025-11-14 00:55:10 [INFO] 
Training with learning rate 1e-05...
2025-11-14 00:55:10 [INFO] Epoch 1/30
2025-11-14 01:21:32 [INFO] Train Loss: 0.6879 | Train F1: 0.3582
2025-11-14 01:21:32 [INFO] Val Loss: 0.6861 | Val Acc: 0.5683 | Val F1: 0.3624
2025-11-14 01:21:32 [INFO] Epoch 2/30
2025-11-14 01:47:52 [INFO] Train Loss: 0.6873 | Train F1: 0.3582
2025-11-14 01:47:52 [INFO] Val Loss: 0.6839 | Val Acc: 0.5683 | Val F1: 0.3624
2025-11-14 01:47:52 [INFO] Epoch 3/30
2025-11-14 02:14:14 [INFO] Train Loss: 0.6872 | Train F1: 0.3582
2025-11-14 02:14:14 [INFO] Val Loss: 0.6842 | Val Acc: 0.5683 | Val F1: 0.3624
2025-11-14 02:14:14 [INFO] Epoch 4/30
2025-11-14 02:40:34 [INFO] Train Loss: 0.6871 | Train F1: 0.3582
2025-11-14 02:40:34 [INFO] Val Loss: 0.6841 | Val Acc: 0.5683 | Val F1: 0.3624
2025-11-14 02:40:34 [INFO] Epoch 5/30
2025-11-14 03:06:57 [INFO] Train Loss: 0.6871 | Train F1: 0.3582
2025-11-14 03:06:57 [INFO] Val Loss: 0.6837 | Val Acc: 0.5683 | Val F1: 0.3624
2025-11-14 03:06:57 [INFO] Epoch 6/30
2025-11-14 03:33:17 [INFO] Train Loss: 0.6871 | Train F1: 0.3582
2025-11-14 03:33:17 [INFO] Val Loss: 0.6836 | Val Acc: 0.5683 | Val F1: 0.3624
2025-11-14 03:33:17 [INFO] Epoch 7/30
2025-11-14 03:59:39 [INFO] Train Loss: 0.6868 | Train F1: 0.3582
2025-11-14 03:59:39 [INFO] Val Loss: 0.6839 | Val Acc: 0.5683 | Val F1: 0.3624
2025-11-14 03:59:39 [INFO] Epoch 8/30
2025-11-14 04:26:00 [INFO] Train Loss: 0.6868 | Train F1: 0.3582
2025-11-14 04:26:00 [INFO] Val Loss: 0.6848 | Val Acc: 0.5683 | Val F1: 0.3624
2025-11-14 04:26:00 [INFO] Epoch 9/30
2025-11-14 04:52:16 [INFO] Train Loss: 0.6873 | Train F1: 0.3582
2025-11-14 04:52:16 [INFO] Val Loss: 0.6837 | Val Acc: 0.5683 | Val F1: 0.3624
2025-11-14 04:52:16 [INFO] Epoch 10/30
2025-11-14 05:18:34 [INFO] Train Loss: 0.6870 | Train F1: 0.3582
2025-11-14 05:18:34 [INFO] Val Loss: 0.6836 | Val Acc: 0.5683 | Val F1: 0.3624
2025-11-14 05:18:34 [INFO] Epoch 11/30
2025-11-14 05:44:50 [INFO] Train Loss: 0.6869 | Train F1: 0.3644
2025-11-14 05:44:50 [INFO] Val Loss: 0.6844 | Val Acc: 0.5683 | Val F1: 0.3624
2025-11-14 05:44:50 [INFO] Epoch 12/30
2025-11-14 06:11:07 [INFO] Train Loss: 0.6867 | Train F1: 0.3644
2025-11-14 06:11:07 [INFO] Val Loss: 0.6836 | Val Acc: 0.5683 | Val F1: 0.3624
2025-11-14 06:11:07 [INFO] Epoch 13/30
2025-11-14 06:37:22 [INFO] Train Loss: 0.6868 | Train F1: 0.3582
2025-11-14 06:37:22 [INFO] Val Loss: 0.6840 | Val Acc: 0.5683 | Val F1: 0.3624
2025-11-14 06:37:22 [INFO] Epoch 14/30
2025-11-14 07:03:37 [INFO] Train Loss: 0.6868 | Train F1: 0.3582
2025-11-14 07:03:37 [INFO] Val Loss: 0.6836 | Val Acc: 0.5683 | Val F1: 0.3624
2025-11-14 07:03:37 [INFO] Epoch 15/30
2025-11-14 07:29:53 [INFO] Train Loss: 0.6868 | Train F1: 0.3582
2025-11-14 07:29:53 [INFO] Val Loss: 0.6836 | Val Acc: 0.5683 | Val F1: 0.3624
2025-11-14 07:29:53 [INFO] Epoch 16/30
2025-11-14 07:56:09 [INFO] Train Loss: 0.6866 | Train F1: 0.3582
2025-11-14 07:56:09 [INFO] Val Loss: 0.6846 | Val Acc: 0.5683 | Val F1: 0.3624
2025-11-14 07:56:09 [INFO] Epoch 17/30
2025-11-14 08:22:28 [INFO] Train Loss: 0.6867 | Train F1: 0.3582
2025-11-14 08:22:28 [INFO] Val Loss: 0.6837 | Val Acc: 0.5683 | Val F1: 0.3624
2025-11-14 08:22:28 [INFO] Epoch 18/30
2025-11-14 08:49:04 [INFO] Train Loss: 0.6868 | Train F1: 0.3582
2025-11-14 08:49:04 [INFO] Val Loss: 0.6838 | Val Acc: 0.5683 | Val F1: 0.3624
2025-11-14 08:49:04 [INFO] Epoch 19/30
2025-11-14 09:15:39 [INFO] Train Loss: 0.6865 | Train F1: 0.3582
2025-11-14 09:15:39 [INFO] Val Loss: 0.6839 | Val Acc: 0.5683 | Val F1: 0.3624
2025-11-14 09:15:39 [INFO] Epoch 20/30
2025-11-14 09:42:16 [INFO] Train Loss: 0.6866 | Train F1: 0.3582
2025-11-14 09:42:16 [INFO] Val Loss: 0.6838 | Val Acc: 0.5683 | Val F1: 0.3624
2025-11-14 09:42:16 [INFO] Epoch 21/30
2025-11-14 10:08:59 [INFO] Train Loss: 0.6867 | Train F1: 0.3582
2025-11-14 10:08:59 [INFO] Val Loss: 0.6836 | Val Acc: 0.5683 | Val F1: 0.3624
2025-11-14 10:08:59 [INFO] Epoch 22/30
2025-11-14 10:35:44 [INFO] Train Loss: 0.6866 | Train F1: 0.3582
2025-11-14 10:35:44 [INFO] Val Loss: 0.6842 | Val Acc: 0.5683 | Val F1: 0.3624
2025-11-14 10:35:44 [INFO] Epoch 23/30
2025-11-14 11:02:11 [INFO] Train Loss: 0.6866 | Train F1: 0.3582
2025-11-14 11:02:11 [INFO] Val Loss: 0.6837 | Val Acc: 0.5683 | Val F1: 0.3624
2025-11-14 11:02:11 [INFO] Epoch 24/30
2025-11-14 11:28:38 [INFO] Train Loss: 0.6863 | Train F1: 0.3582
2025-11-14 11:28:38 [INFO] Val Loss: 0.6829 | Val Acc: 0.5683 | Val F1: 0.3624
2025-11-14 11:28:38 [INFO] Epoch 25/30
2025-11-14 11:55:01 [INFO] Train Loss: 0.6863 | Train F1: 0.3582
2025-11-14 11:55:01 [INFO] Val Loss: 0.6833 | Val Acc: 0.5683 | Val F1: 0.3624
2025-11-14 11:55:01 [INFO] Epoch 26/30
2025-11-14 12:21:23 [INFO] Train Loss: 0.6862 | Train F1: 0.3582
2025-11-14 12:21:23 [INFO] Val Loss: 0.6823 | Val Acc: 0.5683 | Val F1: 0.3624
2025-11-14 12:21:23 [INFO] Epoch 27/30
2025-11-14 12:47:45 [INFO] Train Loss: 0.6861 | Train F1: 0.3582
2025-11-14 12:47:45 [INFO] Val Loss: 0.6832 | Val Acc: 0.5683 | Val F1: 0.3624
2025-11-14 12:47:45 [INFO] Epoch 28/30
2025-11-14 13:14:07 [INFO] Train Loss: 0.6861 | Train F1: 0.3582
2025-11-14 13:14:07 [INFO] Val Loss: 0.6839 | Val Acc: 0.5683 | Val F1: 0.3624
2025-11-14 13:14:07 [INFO] Epoch 29/30
2025-11-14 13:40:27 [INFO] Train Loss: 0.6860 | Train F1: 0.3582
2025-11-14 13:40:27 [INFO] Val Loss: 0.6840 | Val Acc: 0.5683 | Val F1: 0.3624
2025-11-14 13:40:27 [INFO] Epoch 30/30
2025-11-14 14:06:49 [INFO] Train Loss: 0.6864 | Train F1: 0.3582
2025-11-14 14:06:49 [INFO] Val Loss: 0.6838 | Val Acc: 0.5683 | Val F1: 0.3624
2025-11-14 14:06:49 [INFO] Best validation accuracy so far: 0.5683
2025-11-14 14:06:49 [INFO] 
Loading best model (LR=1e-05) for final test evaluation...
2025-11-14 14:07:05 [INFO] Test Accuracy: 0.5453
2025-11-14 14:07:05 [INFO] Test F1 (macro): 0.3529
2025-11-14 14:07:05 [INFO] Test Precision (macro): 0.2727
2025-11-14 14:07:05 [INFO] Test Recall (macro): 0.5000
2025-11-14 14:07:05 [INFO] Test Accuracy on PAWS-X French: 0.5453
2025-11-14 14:07:05 [INFO] Test F1 (macro) on PAWS-X French: 0.3529
2025-11-14 14:07:05 [INFO] Test Precision (macro) on PAWS-X French: 0.2727
2025-11-14 14:07:05 [INFO] Test Recall (macro) on PAWS-X French: 0.5000
2025-11-14 14:07:05 [INFO] 
================================================================================
2025-11-14 14:07:05 [INFO] AGGREGATED RESULTS ACROSS SEEDS
2025-11-14 14:07:05 [INFO] ================================================================================

2025-11-14 14:07:05 [INFO] Test Accuracy:  0.5519 ± 0.0065
2025-11-14 14:07:05 [INFO] Test F1:        0.3924 ± 0.0395
2025-11-14 14:07:05 [INFO] Test Precision: 0.4226 ± 0.1499
2025-11-14 14:07:05 [INFO] Test Recall:    0.5100 ± 0.0100
2025-11-14 14:07:05 [INFO] Training completed.
